2022-08-02 11:43:15,800 INFO  org.apache.flink.runtime.entrypoint.ClusterEntrypoint        [] - --------------------------------------------------------------------------------
2022-08-02 11:43:15,831 INFO  org.apache.flink.runtime.entrypoint.ClusterEntrypoint        [] -  Preconfiguration: 
2022-08-02 11:43:15,832 INFO  org.apache.flink.runtime.entrypoint.ClusterEntrypoint        [] - 


RESOURCE_PARAMS extraction logs:
jvm_params: -Xmx1073741824 -Xms1073741824 -XX:MaxMetaspaceSize=268435456
dynamic_configs: -D jobmanager.memory.off-heap.size=134217728b -D jobmanager.memory.jvm-overhead.min=201326592b -D jobmanager.memory.jvm-metaspace.size=268435456b -D jobmanager.memory.heap.size=1073741824b -D jobmanager.memory.jvm-overhead.max=201326592b
logs: INFO  [] - Loading configuration property: jobmanager.rpc.address, 828a9df7b64f
INFO  [] - Loading configuration property: jobmanager.rpc.port, 6123
INFO  [] - Loading configuration property: jobmanager.memory.process.size, 1600m
INFO  [] - Loading configuration property: taskmanager.memory.process.size, 1728m
INFO  [] - Loading configuration property: taskmanager.numberOfTaskSlots, 1
INFO  [] - Loading configuration property: parallelism.default, 1
INFO  [] - Loading configuration property: jobmanager.execution.failover-strategy, region
INFO  [] - Loading configuration property: blob.server.port, 6124
INFO  [] - Loading configuration property: query.server.port, 6125
INFO  [] - Loading configuration property: jobmanager.rpc.address, jobmanager
INFO  [] - The derived from fraction jvm overhead memory (160.000mb (167772162 bytes)) is less than its min value 192.000mb (201326592 bytes), min value will be used instead
INFO  [] - Final Master Memory configuration:
INFO  [] -   Total Process Memory: 1.563gb (1677721600 bytes)
INFO  [] -     Total Flink Memory: 1.125gb (1207959552 bytes)
INFO  [] -       JVM Heap:         1024.000mb (1073741824 bytes)
INFO  [] -       Off-heap:         128.000mb (134217728 bytes)
INFO  [] -     JVM Metaspace:      256.000mb (268435456 bytes)
INFO  [] -     JVM Overhead:       192.000mb (201326592 bytes)

2022-08-02 11:43:15,834 INFO  org.apache.flink.runtime.entrypoint.ClusterEntrypoint        [] - --------------------------------------------------------------------------------
2022-08-02 11:43:15,836 INFO  org.apache.flink.runtime.entrypoint.ClusterEntrypoint        [] -  Starting StandaloneSessionClusterEntrypoint (Version: 1.14.5, Scala: 2.11, Rev:253dcb1, Date:2022-06-09T09:10:44+02:00)
2022-08-02 11:43:15,840 INFO  org.apache.flink.runtime.entrypoint.ClusterEntrypoint        [] -  OS current user: flink
2022-08-02 11:43:15,842 INFO  org.apache.flink.runtime.entrypoint.ClusterEntrypoint        [] -  Current Hadoop/Kerberos user: <no hadoop dependency found>
2022-08-02 11:43:15,842 INFO  org.apache.flink.runtime.entrypoint.ClusterEntrypoint        [] -  JVM: OpenJDK 64-Bit Server VM - Oracle Corporation - 1.8/25.275-b01
2022-08-02 11:43:15,846 INFO  org.apache.flink.runtime.entrypoint.ClusterEntrypoint        [] -  Maximum heap size: 981 MiBytes
2022-08-02 11:43:15,847 INFO  org.apache.flink.runtime.entrypoint.ClusterEntrypoint        [] -  JAVA_HOME: /usr/local/openjdk-8
2022-08-02 11:43:15,852 INFO  org.apache.flink.runtime.entrypoint.ClusterEntrypoint        [] -  No Hadoop Dependency available
2022-08-02 11:43:15,853 INFO  org.apache.flink.runtime.entrypoint.ClusterEntrypoint        [] -  JVM Options:
2022-08-02 11:43:15,861 INFO  org.apache.flink.runtime.entrypoint.ClusterEntrypoint        [] -     -Xmx1073741824
2022-08-02 11:43:15,862 INFO  org.apache.flink.runtime.entrypoint.ClusterEntrypoint        [] -     -Xms1073741824
2022-08-02 11:43:15,863 INFO  org.apache.flink.runtime.entrypoint.ClusterEntrypoint        [] -     -XX:MaxMetaspaceSize=268435456
2022-08-02 11:43:15,864 INFO  org.apache.flink.runtime.entrypoint.ClusterEntrypoint        [] -     -Dlog.file=/opt/flink/log/flink--standalonesession-0-828a9df7b64f.log
2022-08-02 11:43:15,869 INFO  org.apache.flink.runtime.entrypoint.ClusterEntrypoint        [] -     -Dlog4j.configuration=file:/opt/flink/conf/log4j-console.properties
2022-08-02 11:43:15,870 INFO  org.apache.flink.runtime.entrypoint.ClusterEntrypoint        [] -     -Dlog4j.configurationFile=file:/opt/flink/conf/log4j-console.properties
2022-08-02 11:43:15,872 INFO  org.apache.flink.runtime.entrypoint.ClusterEntrypoint        [] -     -Dlogback.configurationFile=file:/opt/flink/conf/logback-console.xml
2022-08-02 11:43:15,873 INFO  org.apache.flink.runtime.entrypoint.ClusterEntrypoint        [] -  Program Arguments:
2022-08-02 11:43:15,883 INFO  org.apache.flink.runtime.entrypoint.ClusterEntrypoint        [] -     --configDir
2022-08-02 11:43:15,884 INFO  org.apache.flink.runtime.entrypoint.ClusterEntrypoint        [] -     /opt/flink/conf
2022-08-02 11:43:15,889 INFO  org.apache.flink.runtime.entrypoint.ClusterEntrypoint        [] -     --executionMode
2022-08-02 11:43:15,890 INFO  org.apache.flink.runtime.entrypoint.ClusterEntrypoint        [] -     cluster
2022-08-02 11:43:15,892 INFO  org.apache.flink.runtime.entrypoint.ClusterEntrypoint        [] -     -D
2022-08-02 11:43:15,894 INFO  org.apache.flink.runtime.entrypoint.ClusterEntrypoint        [] -     jobmanager.memory.off-heap.size=134217728b
2022-08-02 11:43:15,895 INFO  org.apache.flink.runtime.entrypoint.ClusterEntrypoint        [] -     -D
2022-08-02 11:43:15,895 INFO  org.apache.flink.runtime.entrypoint.ClusterEntrypoint        [] -     jobmanager.memory.jvm-overhead.min=201326592b
2022-08-02 11:43:15,895 INFO  org.apache.flink.runtime.entrypoint.ClusterEntrypoint        [] -     -D
2022-08-02 11:43:15,896 INFO  org.apache.flink.runtime.entrypoint.ClusterEntrypoint        [] -     jobmanager.memory.jvm-metaspace.size=268435456b
2022-08-02 11:43:15,896 INFO  org.apache.flink.runtime.entrypoint.ClusterEntrypoint        [] -     -D
2022-08-02 11:43:15,897 INFO  org.apache.flink.runtime.entrypoint.ClusterEntrypoint        [] -     jobmanager.memory.heap.size=1073741824b
2022-08-02 11:43:15,898 INFO  org.apache.flink.runtime.entrypoint.ClusterEntrypoint        [] -     -D
2022-08-02 11:43:15,901 INFO  org.apache.flink.runtime.entrypoint.ClusterEntrypoint        [] -     jobmanager.memory.jvm-overhead.max=201326592b
2022-08-02 11:43:15,902 INFO  org.apache.flink.runtime.entrypoint.ClusterEntrypoint        [] -  Classpath: /opt/flink/lib/flink-connector-base-1.14.5.jar:/opt/flink/lib/flink-connector-jdbc_2.11-1.14.5.jar:/opt/flink/lib/flink-connector-kafka_2.11-1.14.5.jar:/opt/flink/lib/flink-csv-1.14.5.jar:/opt/flink/lib/flink-json-1.14.5.jar:/opt/flink/lib/flink-shaded-zookeeper-3.4.14.jar:/opt/flink/lib/flink-sql-connector-elasticsearch7_2.11-1.14.5.jar:/opt/flink/lib/flink-sql-connector-kafka_2.11-1.14.5.jar:/opt/flink/lib/flink-table_2.11-1.14.5.jar:/opt/flink/lib/log4j-1.2-api-2.17.1.jar:/opt/flink/lib/log4j-api-2.17.1.jar:/opt/flink/lib/log4j-core-2.17.1.jar:/opt/flink/lib/log4j-slf4j-impl-2.17.1.jar:/opt/flink/lib/flink-dist_2.11-1.14.5.jar:::
2022-08-02 11:43:15,903 INFO  org.apache.flink.runtime.entrypoint.ClusterEntrypoint        [] - --------------------------------------------------------------------------------
2022-08-02 11:43:15,911 INFO  org.apache.flink.runtime.entrypoint.ClusterEntrypoint        [] - Registered UNIX signal handlers for [TERM, HUP, INT]
2022-08-02 11:43:16,089 INFO  org.apache.flink.configuration.GlobalConfiguration           [] - Loading configuration property: jobmanager.rpc.address, 828a9df7b64f
2022-08-02 11:43:16,090 INFO  org.apache.flink.configuration.GlobalConfiguration           [] - Loading configuration property: jobmanager.rpc.port, 6123
2022-08-02 11:43:16,096 INFO  org.apache.flink.configuration.GlobalConfiguration           [] - Loading configuration property: jobmanager.memory.process.size, 1600m
2022-08-02 11:43:16,098 INFO  org.apache.flink.configuration.GlobalConfiguration           [] - Loading configuration property: taskmanager.memory.process.size, 1728m
2022-08-02 11:43:16,099 INFO  org.apache.flink.configuration.GlobalConfiguration           [] - Loading configuration property: taskmanager.numberOfTaskSlots, 1
2022-08-02 11:43:16,104 INFO  org.apache.flink.configuration.GlobalConfiguration           [] - Loading configuration property: parallelism.default, 1
2022-08-02 11:43:16,114 INFO  org.apache.flink.configuration.GlobalConfiguration           [] - Loading configuration property: jobmanager.execution.failover-strategy, region
2022-08-02 11:43:16,150 INFO  org.apache.flink.configuration.GlobalConfiguration           [] - Loading configuration property: blob.server.port, 6124
2022-08-02 11:43:16,163 INFO  org.apache.flink.configuration.GlobalConfiguration           [] - Loading configuration property: query.server.port, 6125
2022-08-02 11:43:16,165 INFO  org.apache.flink.configuration.GlobalConfiguration           [] - Loading configuration property: jobmanager.rpc.address, jobmanager
2022-08-02 11:43:16,660 INFO  org.apache.flink.runtime.entrypoint.ClusterEntrypoint        [] - Starting StandaloneSessionClusterEntrypoint.
2022-08-02 11:43:17,514 INFO  org.apache.flink.runtime.entrypoint.ClusterEntrypoint        [] - Install default filesystem.
2022-08-02 11:43:17,543 INFO  org.apache.flink.core.fs.FileSystem                          [] - Hadoop is not in the classpath/dependencies. The extended set of supported File Systems via Hadoop is not available.
2022-08-02 11:43:17,942 INFO  org.apache.flink.runtime.entrypoint.ClusterEntrypoint        [] - Install security context.
2022-08-02 11:43:18,131 INFO  org.apache.flink.runtime.security.modules.HadoopModuleFactory [] - Cannot create Hadoop Security Module because Hadoop cannot be found in the Classpath.
2022-08-02 11:43:18,222 INFO  org.apache.flink.runtime.security.modules.JaasModule         [] - Jaas file will be created as /tmp/jaas-4696733326029371734.conf.
2022-08-02 11:43:18,306 INFO  org.apache.flink.runtime.security.contexts.HadoopSecurityContextFactory [] - Cannot install HadoopSecurityContext because Hadoop cannot be found in the Classpath.
2022-08-02 11:43:18,324 INFO  org.apache.flink.runtime.entrypoint.ClusterEntrypoint        [] - Initializing cluster services.
2022-08-02 11:43:21,144 INFO  org.apache.flink.runtime.rpc.akka.AkkaRpcServiceUtils        [] - Trying to start actor system, external address jobmanager:6123, bind address 0.0.0.0:6123.
2022-08-02 11:43:29,127 INFO  akka.event.slf4j.Slf4jLogger                                 [] - Slf4jLogger started
2022-08-02 11:43:29,407 INFO  akka.remote.RemoteActorRefProvider                           [] - Akka Cluster not in use - enabling unsafe features anyway because `akka.remote.use-unsafe-remote-features-outside-cluster` has been enabled.
2022-08-02 11:43:29,409 INFO  akka.remote.Remoting                                         [] - Starting remoting
2022-08-02 11:43:30,418 INFO  akka.remote.Remoting                                         [] - Remoting started; listening on addresses :[akka.tcp://flink@jobmanager:6123]
2022-08-02 11:43:31,373 INFO  org.apache.flink.runtime.rpc.akka.AkkaRpcServiceUtils        [] - Actor system started at akka.tcp://flink@jobmanager:6123
2022-08-02 11:43:31,775 INFO  org.apache.flink.configuration.Configuration                 [] - Config uses fallback configuration key 'jobmanager.rpc.address' instead of key 'rest.address'
2022-08-02 11:43:31,829 INFO  org.apache.flink.runtime.blob.BlobServer                     [] - Created BLOB server storage directory /tmp/blobStore-d75f47ba-9f69-43c8-ba5d-212815eeabc0
2022-08-02 11:43:31,875 INFO  org.apache.flink.runtime.blob.BlobServer                     [] - Started BLOB server at 0.0.0.0:6124 - max concurrent requests: 50 - max backlog: 1000
2022-08-02 11:43:31,958 INFO  org.apache.flink.runtime.metrics.MetricRegistryImpl          [] - No metrics reporter configured, no metrics will be exposed/reported.
2022-08-02 11:43:31,990 INFO  org.apache.flink.runtime.rpc.akka.AkkaRpcServiceUtils        [] - Trying to start actor system, external address jobmanager:0, bind address 0.0.0.0:0.
2022-08-02 11:43:32,303 INFO  akka.event.slf4j.Slf4jLogger                                 [] - Slf4jLogger started
2022-08-02 11:43:32,330 INFO  akka.remote.RemoteActorRefProvider                           [] - Akka Cluster not in use - enabling unsafe features anyway because `akka.remote.use-unsafe-remote-features-outside-cluster` has been enabled.
2022-08-02 11:43:32,332 INFO  akka.remote.Remoting                                         [] - Starting remoting
2022-08-02 11:43:32,541 INFO  akka.remote.Remoting                                         [] - Remoting started; listening on addresses :[akka.tcp://flink-metrics@jobmanager:45391]
2022-08-02 11:43:32,802 INFO  org.apache.flink.runtime.rpc.akka.AkkaRpcServiceUtils        [] - Actor system started at akka.tcp://flink-metrics@jobmanager:45391
2022-08-02 11:43:33,040 INFO  org.apache.flink.runtime.rpc.akka.AkkaRpcService             [] - Starting RPC endpoint for org.apache.flink.runtime.metrics.dump.MetricQueryService at akka://flink-metrics/user/rpc/MetricQueryService .
2022-08-02 11:43:33,356 INFO  org.apache.flink.runtime.dispatcher.FileExecutionGraphInfoStore [] - Initializing FileExecutionGraphInfoStore: Storage directory /tmp/executionGraphStore-6009c12f-c1d7-4ac1-9d22-e201ef36edd6, expiration time 3600000, maximum cache size 52428800 bytes.
2022-08-02 11:43:33,882 INFO  org.apache.flink.configuration.Configuration                 [] - Config uses fallback configuration key 'jobmanager.rpc.address' instead of key 'rest.address'
2022-08-02 11:43:33,891 INFO  org.apache.flink.runtime.dispatcher.DispatcherRestEndpoint   [] - Upload directory /tmp/flink-web-998ac5ba-2c7f-45af-a7dc-7bb6b694c384/flink-web-upload does not exist. 
2022-08-02 11:43:34,280 INFO  org.apache.flink.runtime.dispatcher.DispatcherRestEndpoint   [] - Created directory /tmp/flink-web-998ac5ba-2c7f-45af-a7dc-7bb6b694c384/flink-web-upload for file uploads.
2022-08-02 11:43:34,505 INFO  org.apache.flink.runtime.dispatcher.DispatcherRestEndpoint   [] - Starting rest endpoint.
2022-08-02 11:43:37,226 INFO  org.apache.flink.runtime.webmonitor.WebMonitorUtils          [] - Determined location of main cluster component log file: /opt/flink/log/flink--standalonesession-0-828a9df7b64f.log
2022-08-02 11:43:37,233 INFO  org.apache.flink.runtime.webmonitor.WebMonitorUtils          [] - Determined location of main cluster component stdout file: /opt/flink/log/flink--standalonesession-0-828a9df7b64f.out
2022-08-02 11:43:46,802 INFO  org.apache.flink.runtime.dispatcher.DispatcherRestEndpoint   [] - Rest endpoint listening at jobmanager:8081
2022-08-02 11:43:46,828 INFO  org.apache.flink.runtime.dispatcher.DispatcherRestEndpoint   [] - http://jobmanager:8081 was granted leadership with leaderSessionID=00000000-0000-0000-0000-000000000000
2022-08-02 11:43:46,874 INFO  org.apache.flink.runtime.dispatcher.DispatcherRestEndpoint   [] - Web frontend listening at http://jobmanager:8081.
2022-08-02 11:43:47,201 INFO  org.apache.flink.runtime.dispatcher.runner.DefaultDispatcherRunner [] - DefaultDispatcherRunner was granted leadership with leader id 00000000-0000-0000-0000-000000000000. Creating new DispatcherLeaderProcess.
2022-08-02 11:43:47,244 INFO  org.apache.flink.runtime.dispatcher.runner.SessionDispatcherLeaderProcess [] - Start SessionDispatcherLeaderProcess.
2022-08-02 11:43:47,270 INFO  org.apache.flink.runtime.resourcemanager.ResourceManagerServiceImpl [] - Starting resource manager service.
2022-08-02 11:43:47,271 INFO  org.apache.flink.runtime.dispatcher.runner.SessionDispatcherLeaderProcess [] - Recover all persisted job graphs.
2022-08-02 11:43:47,285 INFO  org.apache.flink.runtime.dispatcher.runner.SessionDispatcherLeaderProcess [] - Successfully recovered 0 persisted job graphs.
2022-08-02 11:43:47,302 INFO  org.apache.flink.runtime.resourcemanager.ResourceManagerServiceImpl [] - Resource manager service is granted leadership with session id 00000000-0000-0000-0000-000000000000.
2022-08-02 11:43:47,418 INFO  org.apache.flink.runtime.rpc.akka.AkkaRpcService             [] - Starting RPC endpoint for org.apache.flink.runtime.dispatcher.StandaloneDispatcher at akka://flink/user/rpc/dispatcher_0 .
2022-08-02 11:43:47,726 INFO  org.apache.flink.runtime.rpc.akka.AkkaRpcService             [] - Starting RPC endpoint for org.apache.flink.runtime.resourcemanager.StandaloneResourceManager at akka://flink/user/rpc/resourcemanager_1 .
2022-08-02 11:43:48,138 INFO  org.apache.flink.runtime.resourcemanager.StandaloneResourceManager [] - Starting the resource manager.
2022-08-02 11:43:56,539 INFO  org.apache.flink.runtime.resourcemanager.StandaloneResourceManager [] - Registering TaskManager with ResourceID 172.18.0.4:46465-85b690 (akka.tcp://flink@172.18.0.4:46465/user/rpc/taskmanager_0) at ResourceManager
2022-08-02 11:43:56,640 INFO  org.apache.flink.runtime.resourcemanager.StandaloneResourceManager [] - Registering TaskManager with ResourceID 172.18.0.4:46465-85b690 (akka.tcp://flink@172.18.0.4:46465/user/rpc/taskmanager_0) at ResourceManager
